mode: set
articles/features/articles/delivery/request/dto.go:10.44,16.2 2 1
articles/features/articles/business/usecase.go:9.67,13.2 1 1
articles/features/articles/business/usecase.go:15.79,17.14 2 1
articles/features/articles/business/usecase.go:22.2,23.17 2 1
articles/features/articles/business/usecase.go:17.14,20.3 2 1
articles/features/articles/business/usecase.go:26.67,28.16 2 1
articles/features/articles/business/usecase.go:31.2,31.17 1 1
articles/features/articles/business/usecase.go:28.16,30.3 1 1
articles/features/articles/delivery/response/dto.go:16.43,25.2 1 1
articles/features/articles/delivery/response/dto.go:27.53,29.24 2 1
articles/features/articles/delivery/response/dto.go:32.2,32.15 1 1
articles/features/articles/delivery/response/dto.go:29.24,31.3 1 1
articles/features/articles/delivery/handler.go:16.65,20.2 1 1
articles/features/articles/delivery/handler.go:22.52,25.20 3 1
articles/features/articles/delivery/handler.go:29.2,33.18 3 1
articles/features/articles/delivery/handler.go:37.2,37.69 1 1
articles/features/articles/delivery/handler.go:25.20,27.3 1 1
articles/features/articles/delivery/handler.go:33.18,35.3 1 1
articles/features/articles/delivery/handler.go:40.49,43.16 2 1
articles/features/articles/delivery/handler.go:46.2,46.107 1 1
articles/features/articles/delivery/handler.go:43.16,45.3 1 1
articles/features/categories/business/usecase.go:11.72,15.2 1 1
articles/features/categories/business/usecase.go:17.81,19.14 2 1
articles/features/categories/business/usecase.go:24.2,25.17 2 1
articles/features/categories/business/usecase.go:19.14,22.3 2 1
articles/features/categories/business/usecase.go:28.69,30.16 2 1
articles/features/categories/business/usecase.go:33.2,33.17 1 1
articles/features/categories/business/usecase.go:30.16,32.3 1 1
articles/features/articles/data/model.go:17.45,27.2 1 1
articles/features/articles/data/model.go:29.49,31.24 2 1
articles/features/articles/data/model.go:34.2,34.15 1 1
articles/features/articles/data/model.go:31.24,33.3 1 1
articles/features/articles/data/model.go:37.44,45.2 1 1
articles/features/articles/data/query.go:13.50,17.2 1 1
articles/features/articles/data/query.go:19.79,25.2 3 1
articles/features/articles/data/query.go:27.71,35.2 4 1
articles/features/categories/delivery/request/dto.go:9.47,14.2 2 1
articles/features/categories/data/model.go:14.48,19.2 1 1
articles/features/categories/data/model.go:21.52,23.24 2 1
articles/features/categories/data/model.go:26.2,26.15 1 1
articles/features/categories/data/model.go:23.24,25.3 1 1
articles/features/categories/data/model.go:29.47,33.2 1 1
articles/features/categories/data/query.go:13.53,17.2 1 1
articles/features/categories/data/query.go:19.85,25.2 3 1
articles/features/categories/data/query.go:27.77,35.2 4 1
articles/features/categories/delivery/response/dto.go:10.46,15.2 1 1
articles/features/categories/delivery/response/dto.go:17.56,19.24 2 1
articles/features/categories/delivery/response/dto.go:22.2,22.15 1 1
articles/features/categories/delivery/response/dto.go:19.24,21.3 1 1
articles/features/categories/delivery/handler.go:16.68,20.2 1 1
articles/features/categories/delivery/handler.go:22.52,25.20 3 1
articles/features/categories/delivery/handler.go:29.2,33.18 3 1
articles/features/categories/delivery/handler.go:37.2,37.73 1 1
articles/features/categories/delivery/handler.go:25.20,27.3 1 1
articles/features/categories/delivery/handler.go:33.18,35.3 1 1
articles/features/categories/delivery/handler.go:40.49,42.16 2 1
articles/features/categories/delivery/handler.go:45.2,45.109 1 1
articles/features/categories/delivery/handler.go:42.16,44.3 1 1
